mode: set
BookingsApp/internal/render/render.go:23.40,25.2 1 1
BookingsApp/internal/render/render.go:28.84,35.2 5 1
BookingsApp/internal/render/render.go:38.105,41.18 2 1
BookingsApp/internal/render/render.go:48.2,49.9 2 1
BookingsApp/internal/render/render.go:53.2,60.16 5 1
BookingsApp/internal/render/render.go:64.2,64.12 1 1
BookingsApp/internal/render/render.go:41.18,44.3 1 0
BookingsApp/internal/render/render.go:44.8,46.3 1 1
BookingsApp/internal/render/render.go:49.9,51.3 1 0
BookingsApp/internal/render/render.go:60.16,63.3 2 0
BookingsApp/internal/render/render.go:69.67,74.16 3 1
BookingsApp/internal/render/render.go:78.2,78.29 1 1
BookingsApp/internal/render/render.go:100.2,100.21 1 1
BookingsApp/internal/render/render.go:74.16,76.3 1 0
BookingsApp/internal/render/render.go:78.29,81.17 3 1
BookingsApp/internal/render/render.go:85.3,86.17 2 1
BookingsApp/internal/render/render.go:90.3,90.23 1 1
BookingsApp/internal/render/render.go:97.3,97.21 1 1
BookingsApp/internal/render/render.go:81.17,83.4 1 0
BookingsApp/internal/render/render.go:86.17,88.4 1 0
BookingsApp/internal/render/render.go:90.23,92.18 2 1
BookingsApp/internal/render/render.go:92.18,94.5 1 0
